2022-09-09 19:37:48,254 +0530 [main] INFO  (TC001_Get_All_Employees.java:20) - ---------Started TC001_Get_All_Employees--------
2022-09-09 19:37:51,777 +0530 [main] DEBUG (BasicClientConnectionManager.java:161) - Get connection for route {}->http://dummy.restapiexample.com:80
2022-09-09 19:37:51,854 +0530 [main] DEBUG (DefaultClientConnectionOperator.java:177) - Connecting to dummy.restapiexample.com:80
2022-09-09 19:37:51,912 +0530 [main] DEBUG (RequestAddCookies.java:123) - CookieSpec selected: ignoreCookies
2022-09-09 19:37:51,915 +0530 [main] DEBUG (RequestAuthCache.java:77) - Auth cache not set in the context
2022-09-09 19:37:51,916 +0530 [main] DEBUG (RequestTargetAuthentication.java:80) - Target auth state: UNCHALLENGED
2022-09-09 19:37:51,920 +0530 [main] DEBUG (RequestProxyAuthentication.java:89) - Proxy auth state: UNCHALLENGED
2022-09-09 19:37:51,920 +0530 [main] DEBUG (DefaultRequestDirector.java:677) - Attempt 1 to execute request
2022-09-09 19:37:51,921 +0530 [main] DEBUG (DefaultClientConnection.java:274) - Sending request: GET /api/v1/employees HTTP/1.1
2022-09-09 19:37:51,921 +0530 [main] DEBUG (Wire.java:73) -  >> "GET /api/v1/employees HTTP/1.1[\r][\n]"
2022-09-09 19:37:51,923 +0530 [main] DEBUG (Wire.java:73) -  >> "Accept: */*[\r][\n]"
2022-09-09 19:37:51,924 +0530 [main] DEBUG (Wire.java:73) -  >> "Host: dummy.restapiexample.com[\r][\n]"
2022-09-09 19:37:51,924 +0530 [main] DEBUG (Wire.java:73) -  >> "Connection: Keep-Alive[\r][\n]"
2022-09-09 19:37:51,924 +0530 [main] DEBUG (Wire.java:73) -  >> "User-Agent: Apache-HttpClient/4.5.13 (Java/17.0.2)[\r][\n]"
2022-09-09 19:37:51,925 +0530 [main] DEBUG (Wire.java:73) -  >> "Accept-Encoding: gzip,deflate[\r][\n]"
2022-09-09 19:37:51,925 +0530 [main] DEBUG (Wire.java:73) -  >> "[\r][\n]"
2022-09-09 19:37:51,927 +0530 [main] DEBUG (DefaultClientConnection.java:278) - >> GET /api/v1/employees HTTP/1.1
2022-09-09 19:37:51,927 +0530 [main] DEBUG (DefaultClientConnection.java:281) - >> Accept: */*
2022-09-09 19:37:51,928 +0530 [main] DEBUG (DefaultClientConnection.java:281) - >> Host: dummy.restapiexample.com
2022-09-09 19:37:51,928 +0530 [main] DEBUG (DefaultClientConnection.java:281) - >> Connection: Keep-Alive
2022-09-09 19:37:51,928 +0530 [main] DEBUG (DefaultClientConnection.java:281) - >> User-Agent: Apache-HttpClient/4.5.13 (Java/17.0.2)
2022-09-09 19:37:51,929 +0530 [main] DEBUG (DefaultClientConnection.java:281) - >> Accept-Encoding: gzip,deflate
2022-09-09 19:37:52,615 +0530 [main] DEBUG (Wire.java:73) -  << "HTTP/1.1 429 Too Many Requests[\r][\n]"
2022-09-09 19:37:52,620 +0530 [main] DEBUG (Wire.java:73) -  << "Content-Encoding: gzip[\r][\n]"
2022-09-09 19:37:52,621 +0530 [main] DEBUG (Wire.java:73) -  << "Content-Type: text/html; charset=UTF-8[\r][\n]"
2022-09-09 19:37:52,621 +0530 [main] DEBUG (Wire.java:73) -  << "Date: Fri, 09 Sep 2022 14:07:52 GMT[\r][\n]"
2022-09-09 19:37:52,622 +0530 [main] DEBUG (Wire.java:73) -  << "Display: staticcontent_sol[\r][\n]"
2022-09-09 19:37:52,623 +0530 [main] DEBUG (Wire.java:73) -  << "Expires: Thu, 08 Sep 2022 14:07:52 GMT[\r][\n]"
2022-09-09 19:37:52,624 +0530 [main] DEBUG (Wire.java:73) -  << "Host-Header: c2hhcmVkLmJsdWVob3N0LmNvbQ==[\r][\n]"
2022-09-09 19:37:52,625 +0530 [main] DEBUG (Wire.java:73) -  << "Pagespeed: off[\r][\n]"
2022-09-09 19:37:52,626 +0530 [main] DEBUG (Wire.java:73) -  << "Response: 429[\r][\n]"
2022-09-09 19:37:52,626 +0530 [main] DEBUG (Wire.java:73) -  << "Retry-After: 55[\r][\n]"
2022-09-09 19:37:52,627 +0530 [main] DEBUG (Wire.java:73) -  << "Server: nginx[\r][\n]"
2022-09-09 19:37:52,629 +0530 [main] DEBUG (Wire.java:73) -  << "Vary: Accept-Encoding,User-Agent,Origin[\r][\n]"
2022-09-09 19:37:52,630 +0530 [main] DEBUG (Wire.java:73) -  << "X-Endurance-Cache-Level: 2[\r][\n]"
2022-09-09 19:37:52,631 +0530 [main] DEBUG (Wire.java:73) -  << "X-Ezoic-Cdn: Miss[\r][\n]"
2022-09-09 19:37:52,632 +0530 [main] DEBUG (Wire.java:73) -  << "X-Middleton-Display: staticcontent_sol[\r][\n]"
2022-09-09 19:37:52,633 +0530 [main] DEBUG (Wire.java:73) -  << "X-Middleton-Response: 429[\r][\n]"
2022-09-09 19:37:52,635 +0530 [main] DEBUG (Wire.java:73) -  << "X-Nginx-Cache: WordPress[\r][\n]"
2022-09-09 19:37:52,636 +0530 [main] DEBUG (Wire.java:73) -  << "X-Origin-Cache-Control: no-cache, private[\r][\n]"
2022-09-09 19:37:52,637 +0530 [main] DEBUG (Wire.java:73) -  << "X-Ratelimit-Limit: 60[\r][\n]"
2022-09-09 19:37:52,638 +0530 [main] DEBUG (Wire.java:73) -  << "X-Ratelimit-Remaining: 57[\r][\n]"
2022-09-09 19:37:52,639 +0530 [main] DEBUG (Wire.java:73) -  << "X-Ratelimit-Reset: 1662732527[\r][\n]"
2022-09-09 19:37:52,639 +0530 [main] DEBUG (Wire.java:73) -  << "X-Sol: pub_site[\r][\n]"
2022-09-09 19:37:52,640 +0530 [main] DEBUG (Wire.java:73) -  << "Transfer-Encoding: chunked[\r][\n]"
2022-09-09 19:37:52,641 +0530 [main] DEBUG (Wire.java:73) -  << "[\r][\n]"
2022-09-09 19:37:52,644 +0530 [main] DEBUG (DefaultClientConnection.java:259) - Receiving response: HTTP/1.1 429 Too Many Requests
2022-09-09 19:37:52,645 +0530 [main] DEBUG (DefaultClientConnection.java:262) - << HTTP/1.1 429 Too Many Requests
2022-09-09 19:37:52,646 +0530 [main] DEBUG (DefaultClientConnection.java:265) - << Content-Encoding: gzip
2022-09-09 19:37:52,647 +0530 [main] DEBUG (DefaultClientConnection.java:265) - << Content-Type: text/html; charset=UTF-8
2022-09-09 19:37:52,647 +0530 [main] DEBUG (DefaultClientConnection.java:265) - << Date: Fri, 09 Sep 2022 14:07:52 GMT
2022-09-09 19:37:52,647 +0530 [main] DEBUG (DefaultClientConnection.java:265) - << Display: staticcontent_sol
2022-09-09 19:37:52,648 +0530 [main] DEBUG (DefaultClientConnection.java:265) - << Expires: Thu, 08 Sep 2022 14:07:52 GMT
2022-09-09 19:37:52,648 +0530 [main] DEBUG (DefaultClientConnection.java:265) - << Host-Header: c2hhcmVkLmJsdWVob3N0LmNvbQ==
2022-09-09 19:37:52,649 +0530 [main] DEBUG (DefaultClientConnection.java:265) - << Pagespeed: off
2022-09-09 19:37:52,649 +0530 [main] DEBUG (DefaultClientConnection.java:265) - << Response: 429
2022-09-09 19:37:52,649 +0530 [main] DEBUG (DefaultClientConnection.java:265) - << Retry-After: 55
2022-09-09 19:37:52,650 +0530 [main] DEBUG (DefaultClientConnection.java:265) - << Server: nginx
2022-09-09 19:37:52,650 +0530 [main] DEBUG (DefaultClientConnection.java:265) - << Vary: Accept-Encoding,User-Agent,Origin
2022-09-09 19:37:52,651 +0530 [main] DEBUG (DefaultClientConnection.java:265) - << X-Endurance-Cache-Level: 2
2022-09-09 19:37:52,651 +0530 [main] DEBUG (DefaultClientConnection.java:265) - << X-Ezoic-Cdn: Miss
2022-09-09 19:37:52,651 +0530 [main] DEBUG (DefaultClientConnection.java:265) - << X-Middleton-Display: staticcontent_sol
2022-09-09 19:37:52,652 +0530 [main] DEBUG (DefaultClientConnection.java:265) - << X-Middleton-Response: 429
2022-09-09 19:37:52,653 +0530 [main] DEBUG (DefaultClientConnection.java:265) - << X-Nginx-Cache: WordPress
2022-09-09 19:37:52,653 +0530 [main] DEBUG (DefaultClientConnection.java:265) - << X-Origin-Cache-Control: no-cache, private
2022-09-09 19:37:52,654 +0530 [main] DEBUG (DefaultClientConnection.java:265) - << X-Ratelimit-Limit: 60
2022-09-09 19:37:52,654 +0530 [main] DEBUG (DefaultClientConnection.java:265) - << X-Ratelimit-Remaining: 57
2022-09-09 19:37:52,655 +0530 [main] DEBUG (DefaultClientConnection.java:265) - << X-Ratelimit-Reset: 1662732527
2022-09-09 19:37:52,655 +0530 [main] DEBUG (DefaultClientConnection.java:265) - << X-Sol: pub_site
2022-09-09 19:37:52,656 +0530 [main] DEBUG (DefaultClientConnection.java:265) - << Transfer-Encoding: chunked
2022-09-09 19:37:52,673 +0530 [main] DEBUG (DefaultRequestDirector.java:504) - Connection can be kept alive indefinitely
2022-09-09 19:37:52,687 +0530 [main] DEBUG (HTTPBuilder.java:553) - Parsing response as: text/html; charset=UTF-8
2022-09-09 19:37:52,689 +0530 [main] DEBUG (Wire.java:73) -  << "244[\r][\n]"
2022-09-09 19:37:52,690 +0530 [main] DEBUG (Wire.java:73) -  << "[0x1f][0x8b][0x8][0x0][0x0][0x0][0x0][0x0][0x0][0xff][0x9c]UOs[0x9b]>[0x10][0xbd][0xfb]Sl[0xf4];[0xe4][0x12][0x5];[0xbf][0xd6][0x93][0x12]p[0xf][0xfd]s[0xeb][0x9f]is[0xe9]Q[0x91][0x16][0xd8]FHTZ;v;[0xfd][0xee][0x1d]L[0x12]c [0x99]Nu[0x81][0x9d][0xf7][0xf6][0xe9]iw[0x5][0xd9][0xc9][0xdb]Oo[0xae][0xbf]}~[0x7][0x15][0xd7]v5[0xcb][0xda][0x7]X[0xe5][0xca]\[0xa0][0x13][0xab][0x19][0x0]@V[0xa1]2[0xdd][0xeb]>[0xac][0x91][0x15][0xe8]J[0x85][0x88][0x9c][0x8b]5[0x17][0xf2]R[0xc]a[0xa7]j[0xcc][0xc5][0x86][0xf0][0xae][0xf1][0x81][0x5]h[0xef][0x18][0x1d][0xe7][0xe2][0x8e][0xc]W[0xb9][0xc1][\r]i[0x94][0xfb][0xe0][0xc][0xc8][0x11][0x93][0xb2]2je1_[0x88][0xd5][0xec][0xa0][0xc6][0xc4][0x16]W[0xd7][0xde][0xc3][0x7][0xe5]v[0xf0][0x5][0xac]1r[0xcc][0x92][0xe][0xe8]1O[0xa4][0x84][0xf7][0xde]q[0x4]){v,[0xb9][[0x8]hsa\[0x94]M[0xc0][0x2]YW[0x2][0xaa][0x80]E.[0x92][0xa4]hS[0xce][0xcb][0xc8][0x8a]I[0x9f]k_[0x8b]ar[0xc7][0xac][0x98][0x9b][0x98]>[0xf2][0xbd]/-[0xaa][0x86]b[0x9b][0x92][0xe8][0x18]_[0x17][0xaa]&[0xbb][0xcb]?[0xae][0x1d][0xb1][0x17][0xdd][0x96][0x91]w[0x16]c[0x85][0xc8]bh[0xf5][0xeb][0x1e]:[0xf6][0xba][0xa7][0x1f][0xe2]v[0xb5][\r]9[0x83][0x1b]ov[0xf0][0xeb][0x8]h[0xd7][0x8d][0xd2][0xb7]e[0xf0]kg[0xa4][0xf6][0xd6][0x87][0x14][0xfe]+[0x8a][0xe2]j[0xc4]{[0x0][0x97][0xff]/o[0x96][0x13]x{&[0xd9][0xf9]O[0xe1][0xb4];[0xc1][0xe9][0x19]D[0xe5][0xa2][0x8c][0x18][0xe8][0xa9][0x94];[0xa4][0xb2][0xe2][0x14][0x16][0xf3][0xf9][0x98]Q[0x1d][0xc0]M5[0x86]k[0x15]Jr)[0xc]2[0xcf][0x8e][0xc2][0xf3]bm[0xad][0xec][0xa4]&[\n]"
2022-09-09 19:37:52,691 +0530 [main] DEBUG (Wire.java:87) -  << "[0xf0][0xcc][0x1e]#![0x8b][[0xa9][0xd1]1[0x86][0x9]!e[0xa9]t[0x92][0x18][0xeb][0x98]B[0xc7][0x1a][6[0x14][0x1b][0xab]v)[0xb4]Zc[0xf8][0xfb]:2[0x15];y?[0xeb][0xd3]:C[[0x8d][0x8f][0xc4][0xe4][0x9d][0xc]XL[0xf8]z[0x80][0xd3]v[0x9e][0x14][0xd3][0x6][0x9f][0x97][0xd3][0xde][0xe0][0xd4][0xa0][0xf8]`0[0xc8][0xd0]U[0xeb][0xa2][0xd9]B[0xf4][0x96][0xcc][0x13]m[0x8d][0xf4][0x13]S[0xb8]X6[0x13][0x87]l[0x94]1[0xe4][0xca][0x14][0xe6][0xb0]x[0xd9]l[0xef][0x1f]c[0x1e][0xe3][0x96][0xe5][0xbe][0xaa]W[0x87][0x1a]cT[0xe5][0x94][0xf7][0x9e][0xa5][0xc5][0xe5][0xbf]m[0xf5][0xf0][0x96]%[0xbd][0x1b][0x96]%[0x87][0xef]Z[0xd6]^[0xb0][0xde]E4[0xb4][0x1]mU[0x8c][0xb9][0xe8][0xcf][0xcd]Q[0xb3]z[0x93])[0x8e][0xef]l?[0xbd]m[0xc8][0x0]n[0xd7][0x8b][0x8b]WG[0x19][0x89][0xa1][0xcd]j[0xf6][0xa4][0xca]}u[0x4][0xec][0xfd][0xe7][0xe2][0xb1][0xb][0x8b]y[0xb3][0xbd][0x9a][0xd0][0x1f]}0'v[0x9b][0x8][0xb3][0xa4]+D[0x96]t[0xff][0x83]?[0x0][0x0][0x0][0xff][0xff]"
2022-09-09 19:37:52,692 +0530 [main] DEBUG (Wire.java:73) -  << "[\r][\n]"
2022-09-09 19:37:52,692 +0530 [main] DEBUG (Wire.java:73) -  << "d[\r][\n]"
2022-09-09 19:37:52,693 +0530 [main] DEBUG (Wire.java:87) -  << "[0x1][0x0][0x0][0xff][0xff]e[0x9e][0xd3][0xfd] [0x6][0x0][0x0]"
2022-09-09 19:37:52,694 +0530 [main] DEBUG (Wire.java:73) -  << "[\r][\n]"
2022-09-09 19:37:52,694 +0530 [main] DEBUG (Wire.java:73) -  << "0[\r][\n]"
2022-09-09 19:37:52,694 +0530 [main] DEBUG (Wire.java:73) -  << "[\r][\n]"
2022-09-09 19:37:52,695 +0530 [main] DEBUG (HTTPBuilder.java:556) - Parsed data to instance of: class org.apache.http.conn.EofSensorInputStream
2022-09-09 19:37:57,785 +0530 [main] INFO  (TC001_Get_All_Employees.java:86) - ---------Checking Content Encoding--------
2022-09-09 19:37:57,786 +0530 [main] INFO  (TC001_Get_All_Employees.java:88) - Content Encoding==>gzip
2022-09-09 19:37:57,798 +0530 [main] INFO  (TC001_Get_All_Employees.java:94) - ---------Checking Content Length--------
2022-09-09 19:37:57,799 +0530 [main] INFO  (TC001_Get_All_Employees.java:96) - Content Length==>null
2022-09-09 19:37:57,808 +0530 [main] INFO  (TC001_Get_All_Employees.java:70) - ---------Checking Content Type--------
2022-09-09 19:37:57,809 +0530 [main] INFO  (TC001_Get_All_Employees.java:72) - Content type==>text/html; charset=UTF-8
2022-09-09 19:37:57,828 +0530 [main] INFO  (TC001_Get_All_Employees.java:106) - ---------Checking Cookies--------
2022-09-09 19:37:57,835 +0530 [main] INFO  (TC001_Get_All_Employees.java:49) - ---------Checking Response Time--------
2022-09-09 19:37:57,838 +0530 [main] INFO  (TC001_Get_All_Employees.java:51) - Response time==>1808
2022-09-09 19:37:57,843 +0530 [main] INFO  (TC001_Get_All_Employees.java:78) - ---------Checking Server Type--------
2022-09-09 19:37:57,844 +0530 [main] INFO  (TC001_Get_All_Employees.java:80) - Server type==>nginx
2022-09-09 19:37:57,852 +0530 [main] INFO  (TC001_Get_All_Employees.java:40) - ---------Checking Status code--------
2022-09-09 19:37:57,853 +0530 [main] INFO  (TC001_Get_All_Employees.java:42) - Status Code==>429
2022-09-09 19:37:57,859 +0530 [main] INFO  (TC001_Get_All_Employees.java:62) - ---------Checking Status Line--------
2022-09-09 19:37:57,860 +0530 [main] INFO  (TC001_Get_All_Employees.java:64) - Status Line==>HTTP/1.1 429 Too Many Requests
2022-09-09 19:37:57,867 +0530 [main] INFO  (TC001_Get_All_Employees.java:31) - ---------Checking Response Body--------
2022-09-09 19:37:57,932 +0530 [main] DEBUG (BasicClientConnectionManager.java:200) - Releasing connection org.apache.http.impl.conn.ManagedClientConnectionImpl@5633ed82
2022-09-09 19:37:57,933 +0530 [main] DEBUG (BasicClientConnectionManager.java:225) - Connection can be kept alive indefinitely
2022-09-09 19:37:57,936 +0530 [main] INFO  (TC001_Get_All_Employees.java:33) - Response Body==><!DOCTYPE html>
<html lang="en">
    <head>
        <meta charset="utf-8">
        <meta name="viewport" content="width=device-width, initial-scale=1">

        <title>Too Many Requests</title>

        <!-- Fonts -->
        <link rel="dns-prefetch" href="//fonts.gstatic.com">
        <link href="https://fonts.googleapis.com/css?family=Nunito" rel="stylesheet">

        <!-- Styles -->
        <style>
            html, body {
                background-color: #fff;
                color: #636b6f;
                font-family: 'Nunito', sans-serif;
                font-weight: 100;
                height: 100vh;
                margin: 0;
            }

            .full-height {
                height: 100vh;
            }

            .flex-center {
                align-items: center;
                display: flex;
                justify-content: center;
            }

            .position-ref {
                position: relative;
            }

            .code {
                border-right: 2px solid;
                font-size: 26px;
                padding: 0 15px 0 15px;
                text-align: center;
            }

            .message {
                font-size: 18px;
                text-align: center;
            }
        </style>
    </head>
    <body>
        <div class="flex-center position-ref full-height">
            <div class="code">
                429            </div>

            <div class="message" style="padding: 10px;">
                Too Many Requests            </div>
        </div>
    </body>
</html>

2022-09-09 19:37:57,941 +0530 [main] INFO  (TC001_Get_All_Employees.java:113) - ---------Finished TC001_Get_All_Employees--------
2022-09-09 19:37:57,953 +0530 [main] INFO  (TC002_Get_Single_Employee_Record.java:23) - ---------TC002_Get_Single_Employee_Record--------
2022-09-09 19:37:57,994 +0530 [main] DEBUG (BasicClientConnectionManager.java:161) - Get connection for route {}->http://dummy.restapiexample.com:80
2022-09-09 19:37:57,995 +0530 [main] DEBUG (DefaultClientConnectionOperator.java:177) - Connecting to dummy.restapiexample.com:80
2022-09-09 19:37:58,029 +0530 [main] DEBUG (RequestAddCookies.java:123) - CookieSpec selected: ignoreCookies
2022-09-09 19:37:58,030 +0530 [main] DEBUG (RequestAuthCache.java:77) - Auth cache not set in the context
2022-09-09 19:37:58,031 +0530 [main] DEBUG (RequestTargetAuthentication.java:80) - Target auth state: UNCHALLENGED
2022-09-09 19:37:58,031 +0530 [main] DEBUG (RequestProxyAuthentication.java:89) - Proxy auth state: UNCHALLENGED
2022-09-09 19:37:58,032 +0530 [main] DEBUG (DefaultRequestDirector.java:677) - Attempt 1 to execute request
2022-09-09 19:37:58,033 +0530 [main] DEBUG (DefaultClientConnection.java:274) - Sending request: GET /api/v1/employee/1 HTTP/1.1
2022-09-09 19:37:58,034 +0530 [main] DEBUG (Wire.java:73) -  >> "GET /api/v1/employee/1 HTTP/1.1[\r][\n]"
2022-09-09 19:37:58,035 +0530 [main] DEBUG (Wire.java:73) -  >> "Accept: */*[\r][\n]"
2022-09-09 19:37:58,035 +0530 [main] DEBUG (Wire.java:73) -  >> "Host: dummy.restapiexample.com[\r][\n]"
2022-09-09 19:37:58,036 +0530 [main] DEBUG (Wire.java:73) -  >> "Connection: Keep-Alive[\r][\n]"
2022-09-09 19:37:58,037 +0530 [main] DEBUG (Wire.java:73) -  >> "User-Agent: Apache-HttpClient/4.5.13 (Java/17.0.2)[\r][\n]"
2022-09-09 19:37:58,037 +0530 [main] DEBUG (Wire.java:73) -  >> "Accept-Encoding: gzip,deflate[\r][\n]"
2022-09-09 19:37:58,038 +0530 [main] DEBUG (Wire.java:73) -  >> "[\r][\n]"
2022-09-09 19:37:58,038 +0530 [main] DEBUG (DefaultClientConnection.java:278) - >> GET /api/v1/employee/1 HTTP/1.1
2022-09-09 19:37:58,038 +0530 [main] DEBUG (DefaultClientConnection.java:281) - >> Accept: */*
2022-09-09 19:37:58,039 +0530 [main] DEBUG (DefaultClientConnection.java:281) - >> Host: dummy.restapiexample.com
2022-09-09 19:37:58,039 +0530 [main] DEBUG (DefaultClientConnection.java:281) - >> Connection: Keep-Alive
2022-09-09 19:37:58,040 +0530 [main] DEBUG (DefaultClientConnection.java:281) - >> User-Agent: Apache-HttpClient/4.5.13 (Java/17.0.2)
2022-09-09 19:37:58,040 +0530 [main] DEBUG (DefaultClientConnection.java:281) - >> Accept-Encoding: gzip,deflate
2022-09-09 19:37:58,697 +0530 [main] DEBUG (Wire.java:73) -  << "HTTP/1.1 429 Too Many Requests[\r][\n]"
2022-09-09 19:37:58,698 +0530 [main] DEBUG (Wire.java:73) -  << "Cache-Control: private, max-age=0, must-revalidate, no-cache, no-store[\r][\n]"
2022-09-09 19:37:58,699 +0530 [main] DEBUG (Wire.java:73) -  << "Content-Encoding: gzip[\r][\n]"
2022-09-09 19:37:58,700 +0530 [main] DEBUG (Wire.java:73) -  << "Content-Type: text/html; charset=UTF-8[\r][\n]"
2022-09-09 19:37:58,701 +0530 [main] DEBUG (Wire.java:73) -  << "Date: Fri, 09 Sep 2022 14:07:58 GMT[\r][\n]"
2022-09-09 19:37:58,701 +0530 [main] DEBUG (Wire.java:73) -  << "Display: staticcontent_sol[\r][\n]"
2022-09-09 19:37:58,702 +0530 [main] DEBUG (Wire.java:73) -  << "Expires: Thu, 08 Sep 2022 14:07:58 GMT[\r][\n]"
2022-09-09 19:37:58,702 +0530 [main] DEBUG (Wire.java:73) -  << "Host-Header: c2hhcmVkLmJsdWVob3N0LmNvbQ==[\r][\n]"
2022-09-09 19:37:58,703 +0530 [main] DEBUG (Wire.java:73) -  << "Pagespeed: off[\r][\n]"
2022-09-09 19:37:58,703 +0530 [main] DEBUG (Wire.java:73) -  << "Response: 429[\r][\n]"
2022-09-09 19:37:58,704 +0530 [main] DEBUG (Wire.java:73) -  << "Retry-After: 29[\r][\n]"
2022-09-09 19:37:58,704 +0530 [main] DEBUG (Wire.java:73) -  << "Server: nginx/1.21.6[\r][\n]"
2022-09-09 19:37:58,705 +0530 [main] DEBUG (Wire.java:73) -  << "Vary: Accept-Encoding,User-Agent,Origin[\r][\n]"
2022-09-09 19:37:58,706 +0530 [main] DEBUG (Wire.java:73) -  << "X-Endurance-Cache-Level: 2[\r][\n]"
2022-09-09 19:37:58,707 +0530 [main] DEBUG (Wire.java:73) -  << "X-Ezoic-Cdn: Miss[\r][\n]"
2022-09-09 19:37:58,708 +0530 [main] DEBUG (Wire.java:73) -  << "X-Middleton-Display: staticcontent_sol[\r][\n]"
2022-09-09 19:37:58,709 +0530 [main] DEBUG (Wire.java:73) -  << "X-Middleton-Response: 429[\r][\n]"
2022-09-09 19:37:58,710 +0530 [main] DEBUG (Wire.java:73) -  << "X-Nginx-Cache: WordPress[\r][\n]"
2022-09-09 19:37:58,711 +0530 [main] DEBUG (Wire.java:73) -  << "X-Origin-Cache-Control: no-cache, private[\r][\n]"
2022-09-09 19:37:58,712 +0530 [main] DEBUG (Wire.java:73) -  << "X-Ratelimit-Limit: 60[\r][\n]"
2022-09-09 19:37:58,713 +0530 [main] DEBUG (Wire.java:73) -  << "X-Ratelimit-Remaining: 57[\r][\n]"
2022-09-09 19:37:58,714 +0530 [main] DEBUG (Wire.java:73) -  << "X-Ratelimit-Reset: 1662732507[\r][\n]"
2022-09-09 19:37:58,715 +0530 [main] DEBUG (Wire.java:73) -  << "X-Sol: pub_site[\r][\n]"
2022-09-09 19:37:58,716 +0530 [main] DEBUG (Wire.java:73) -  << "Transfer-Encoding: chunked[\r][\n]"
2022-09-09 19:37:58,717 +0530 [main] DEBUG (Wire.java:73) -  << "[\r][\n]"
2022-09-09 19:37:58,718 +0530 [main] DEBUG (DefaultClientConnection.java:259) - Receiving response: HTTP/1.1 429 Too Many Requests
2022-09-09 19:37:58,718 +0530 [main] DEBUG (DefaultClientConnection.java:262) - << HTTP/1.1 429 Too Many Requests
2022-09-09 19:37:58,719 +0530 [main] DEBUG (DefaultClientConnection.java:265) - << Cache-Control: private, max-age=0, must-revalidate, no-cache, no-store
2022-09-09 19:37:58,720 +0530 [main] DEBUG (DefaultClientConnection.java:265) - << Content-Encoding: gzip
2022-09-09 19:37:58,721 +0530 [main] DEBUG (DefaultClientConnection.java:265) - << Content-Type: text/html; charset=UTF-8
2022-09-09 19:37:58,722 +0530 [main] DEBUG (DefaultClientConnection.java:265) - << Date: Fri, 09 Sep 2022 14:07:58 GMT
2022-09-09 19:37:58,722 +0530 [main] DEBUG (DefaultClientConnection.java:265) - << Display: staticcontent_sol
2022-09-09 19:37:58,724 +0530 [main] DEBUG (DefaultClientConnection.java:265) - << Expires: Thu, 08 Sep 2022 14:07:58 GMT
2022-09-09 19:37:58,724 +0530 [main] DEBUG (DefaultClientConnection.java:265) - << Host-Header: c2hhcmVkLmJsdWVob3N0LmNvbQ==
2022-09-09 19:37:58,725 +0530 [main] DEBUG (DefaultClientConnection.java:265) - << Pagespeed: off
2022-09-09 19:37:58,726 +0530 [main] DEBUG (DefaultClientConnection.java:265) - << Response: 429
2022-09-09 19:37:58,727 +0530 [main] DEBUG (DefaultClientConnection.java:265) - << Retry-After: 29
2022-09-09 19:37:58,728 +0530 [main] DEBUG (DefaultClientConnection.java:265) - << Server: nginx/1.21.6
2022-09-09 19:37:58,728 +0530 [main] DEBUG (DefaultClientConnection.java:265) - << Vary: Accept-Encoding,User-Agent,Origin
2022-09-09 19:37:58,729 +0530 [main] DEBUG (DefaultClientConnection.java:265) - << X-Endurance-Cache-Level: 2
2022-09-09 19:37:58,729 +0530 [main] DEBUG (DefaultClientConnection.java:265) - << X-Ezoic-Cdn: Miss
2022-09-09 19:37:58,730 +0530 [main] DEBUG (DefaultClientConnection.java:265) - << X-Middleton-Display: staticcontent_sol
2022-09-09 19:37:58,730 +0530 [main] DEBUG (DefaultClientConnection.java:265) - << X-Middleton-Response: 429
2022-09-09 19:37:58,731 +0530 [main] DEBUG (DefaultClientConnection.java:265) - << X-Nginx-Cache: WordPress
2022-09-09 19:37:58,732 +0530 [main] DEBUG (DefaultClientConnection.java:265) - << X-Origin-Cache-Control: no-cache, private
2022-09-09 19:37:58,732 +0530 [main] DEBUG (DefaultClientConnection.java:265) - << X-Ratelimit-Limit: 60
2022-09-09 19:37:58,733 +0530 [main] DEBUG (DefaultClientConnection.java:265) - << X-Ratelimit-Remaining: 57
2022-09-09 19:37:58,733 +0530 [main] DEBUG (DefaultClientConnection.java:265) - << X-Ratelimit-Reset: 1662732507
2022-09-09 19:37:58,734 +0530 [main] DEBUG (DefaultClientConnection.java:265) - << X-Sol: pub_site
2022-09-09 19:37:58,734 +0530 [main] DEBUG (DefaultClientConnection.java:265) - << Transfer-Encoding: chunked
2022-09-09 19:37:58,735 +0530 [main] DEBUG (DefaultRequestDirector.java:504) - Connection can be kept alive indefinitely
2022-09-09 19:37:58,736 +0530 [main] DEBUG (HTTPBuilder.java:553) - Parsing response as: text/html; charset=UTF-8
2022-09-09 19:37:58,737 +0530 [main] DEBUG (Wire.java:73) -  << "295[\r][\n]"
2022-09-09 19:37:58,737 +0530 [main] DEBUG (Wire.java:73) -  << "[0x1f][0x8b][0x8][0x0][0x0][0x0][0x0][0x0][0x0][0xff][0x9c]UMo[0xe3]6[0x10][0xbd][0xfb]WL[0xd8]CZ [0xb4][0xec]45RER[0xe][0xfd][0xb8][0xf5][0x3]m.=[0x5]49[0x92][0x98]P[0xa4]J[0x8e]d+[0x8b][0xfd][0xef][0xb]YN[0xfc]!%X,/"[0xfd][0xde]<>[0xce][0xc][0xe9][0xe4][0xe2][0xd7][0xbf]~y[0xf8][0xef][0xef][0xdf][0xa0][0xa4][0xca]d[0xb3][0xa4][0xff][0x80][0x11][0xb6]H[0x19]Z[0x96][0xcd][0x0][0x0][0x92][0x12][0x85][0xca][0x92][\n]"
2022-09-09 19:37:58,737 +0530 [main] DEBUG (Wire.java:73) -  << "I[0x80],[0x85][0xf]H)k([0xe7][0xb7]{B?[0xde]&[0x3][0xcf][0x8a][\n]"
2022-09-09 19:37:58,738 +0530 [main] DEBUG (Wire.java:73) -  << "S[0xd6]j[0xdc][0xd4][0xce][0x13][0x3][0xe9],[0xa1][0xa5][0x94]m[0xb4][0xa2]2U[0xd8]j[0x89]|[0xb7][0xb8][0x2]m5iax[0x90][0xc2]`[0xba]d[0xd9][0xec][0xa0]F[0x9a][0xc]f[0xf][0xce][0xc1][0x1f][0xc2]v[0xf0][0xf][0xfe][0xdf]`[0xa0][0x90]D[0x3]p[0xc4][0xbc][0xe0][0x1c]~w[0x96][0x2]p~[0xf0][0x95][0x18]m[0x9f][0xc1][0xa3]I[0x99][0xb2][0x81][0xd7][0x1e]s$Y2(=[0xe6])[0x8b][0xa2][0xbc][0xf][0x99][0x17][0x81][0x4]i9[0x97][0xae]b[0xe7][0xc1][0x3][0xb3]$[0xaa]C[0xfc][0xc6]w[0xae]0(j[0x1d][0xfa][0x90]H[0x86]p[0x9f][0x8b]J[0x9b].[0xfd][0xb3][0xb1][0x9a][0x1c][0x1b][0xb6][0xc][0xd4][0x19][0xc]%"[0xb1]s[0xab][0xff][0xee][0xa0]S[0xaf];[0xfa]a[0xdd][0x8f][0xbe] W[0xb0]v[0xaa][0x83]O'@?[0xd6]B>[0x17][0xde]5Vq[0xe9][0x8c][0xf3]1|[0x97][0xe7][0xf9][0xdd][0x88][0xf7][\n]"
2022-09-09 19:37:58,738 +0530 [main] DEBUG (Wire.java:73) -  << "[0xae]~\[0xad]W[0x13]x&>[0xf8][0x8f][0xe1]r8[0xc1][0xe5][0x15][0x4]a[0x3][0xf][0xe8][0xf5]{![0x1b][0xd4]EI1,[0x17][0x8b]1[0xa3]<[0x80]m9[0x86]+[0xe1][0xb]mc8[0x8b][0xfc]<;Y[0xce][0xf3][0xc6][0x18]>HM$[0xe0][0x83]=FB[0x6][0xb7]\[0xa2]%[0xf4][0x13]B[0xc2][0xe8][0xc2]rMX[0x85][0x18][0x6][0xd6][0xd8][0xb2][0xd2][0xa1]6[0xa2][0x8b][0xa1][0xd7][0x1a][0xc3]OM [0x9d]w|[0xdf][0xeb][0xd3]:[0xe7][0xb6]j[0x17]4ig[0xb9][0xc7]|[0xc2][0xd7]+[0x1c][0xf7][0xfd]$H[0xb7][0xf8][0xb1][0x9c]t[\n]"
2022-09-09 19:37:58,739 +0530 [main] DEBUG (Wire.java:87) -  << "[0xa7][0x1a][0xc5]y[0x85][0x9e][0xfb]![[0xd7][0xf5][0x16][0x82]3Z[0xbd]S[0xd6][0xa0]_0[0x86][0xeb]U=q[0xc8]Z([0xa5]m[0x11][0xc3][0x2][0x96]?[0xd5][0xdb][0xfd]g[0xcc]#[0xdc][0x12][0xdf]e[0xf5][0xeb][0xf2]Pa[0x8][0xa2][0x98][0xf2]~diy[0xfb]m[[0xbd][0xce][0x92][0xe8][0xe8][0x86]%[0xd1][0xee]][0x1b][0xe6][0xfd][0x5];[0xba][0x88]J[0xb7] [0x8d][0x8]!e[0xc7]}sR[0xac][0xa3][0xce]d[0xa7]w[0xf6]8[0xbc]/[0xc8][0x19][0xdc][0x8f][0x9b][0xeb][0x9f]O""[0xa5][0xdb]l[0xf6][0xae][0xca]>;[0xc]v[0xfe]S[0xf6]V[0x85][0xe5][0xa2][0xde][0xde]M[0xe8][0x8f][0x1e][0xcc][0x89][0xdd]&[0x96]I[0x90]^[0xd7][0x4][0xd4][0xd5][0x98][0xb2]>[0xb1][0xd1][0x93]h[0xc5][0xf0]+[0x3]g[0x8d][0x13]*e[0x8f][0x8f][0xf8]"[0xcd][0xbc][0x14]V[0x19][0xfc][0x9e]|[0x83]?[0xdc]1[0x10][0xa1][0xb3][0x12][0x82][0x97])[0x8b][0x1a][0xd2]F[0x8a][0x16][0x1f][0xfb][0xd7]Q[[0x19][0xed][0x2]6[0xb8][0xae][0xef][0xe5]:[0xbd]aY[0x12][\r][0xa2]Y[0x12][\r][0xb9]O[0xa2][0xe1]/[0xe8][0xb][0x0][0x0][0x0][0xff][0xff]"
2022-09-09 19:37:58,739 +0530 [main] DEBUG (Wire.java:73) -  << "[\r][\n]"
2022-09-09 19:37:58,740 +0530 [main] DEBUG (Wire.java:73) -  << "d[\r][\n]"
2022-09-09 19:37:58,740 +0530 [main] DEBUG (Wire.java:87) -  << "[0x1][0x0][0x0][0xff][0xff]QU4[0xb5][0x93][0x6][0x0][0x0]"
2022-09-09 19:37:58,741 +0530 [main] DEBUG (Wire.java:73) -  << "[\r][\n]"
2022-09-09 19:37:58,741 +0530 [main] DEBUG (Wire.java:73) -  << "0[\r][\n]"
2022-09-09 19:37:58,742 +0530 [main] DEBUG (Wire.java:73) -  << "[\r][\n]"
2022-09-09 19:37:58,742 +0530 [main] DEBUG (HTTPBuilder.java:556) - Parsed data to instance of: class org.apache.http.conn.EofSensorInputStream
2022-09-09 19:38:03,792 +0530 [main] DEBUG (BasicClientConnectionManager.java:200) - Releasing connection org.apache.http.impl.conn.ManagedClientConnectionImpl@22a736d7
2022-09-09 19:38:03,795 +0530 [main] DEBUG (BasicClientConnectionManager.java:225) - Connection can be kept alive indefinitely
2022-09-09 19:38:03,798 +0530 [main] INFO  (TC002_Get_Single_Employee_Record.java:77) - ---------Finished TC002_Get_Single_Employee_Record--------
2022-09-09 19:38:03,810 +0530 [main] INFO  (TC003_POST_Employee_Record.java:27) - ---------Started TC003_POST_Employee_Record--------
2022-09-09 19:38:03,916 +0530 [main] DEBUG (BasicClientConnectionManager.java:161) - Get connection for route {}->http://dummy.restapiexample.com:80
2022-09-09 19:38:03,918 +0530 [main] DEBUG (DefaultClientConnectionOperator.java:177) - Connecting to dummy.restapiexample.com:80
2022-09-09 19:38:03,945 +0530 [main] DEBUG (RequestAddCookies.java:123) - CookieSpec selected: ignoreCookies
2022-09-09 19:38:03,945 +0530 [main] DEBUG (RequestAuthCache.java:77) - Auth cache not set in the context
2022-09-09 19:38:03,946 +0530 [main] DEBUG (RequestTargetAuthentication.java:80) - Target auth state: UNCHALLENGED
2022-09-09 19:38:03,946 +0530 [main] DEBUG (RequestProxyAuthentication.java:89) - Proxy auth state: UNCHALLENGED
2022-09-09 19:38:03,947 +0530 [main] DEBUG (DefaultRequestDirector.java:677) - Attempt 1 to execute request
2022-09-09 19:38:03,947 +0530 [main] DEBUG (DefaultClientConnection.java:274) - Sending request: POST /api/v1/create HTTP/1.1
2022-09-09 19:38:03,947 +0530 [main] DEBUG (Wire.java:73) -  >> "POST /api/v1/create HTTP/1.1[\r][\n]"
2022-09-09 19:38:03,948 +0530 [main] DEBUG (Wire.java:73) -  >> "Accept: */*[\r][\n]"
2022-09-09 19:38:03,948 +0530 [main] DEBUG (Wire.java:73) -  >> "Content-Type: application/json[\r][\n]"
2022-09-09 19:38:03,948 +0530 [main] DEBUG (Wire.java:73) -  >> "Content-Length: 44[\r][\n]"
2022-09-09 19:38:03,949 +0530 [main] DEBUG (Wire.java:73) -  >> "Host: dummy.restapiexample.com[\r][\n]"
2022-09-09 19:38:03,949 +0530 [main] DEBUG (Wire.java:73) -  >> "Connection: Keep-Alive[\r][\n]"
2022-09-09 19:38:03,949 +0530 [main] DEBUG (Wire.java:73) -  >> "User-Agent: Apache-HttpClient/4.5.13 (Java/17.0.2)[\r][\n]"
2022-09-09 19:38:03,949 +0530 [main] DEBUG (Wire.java:73) -  >> "Accept-Encoding: gzip,deflate[\r][\n]"
2022-09-09 19:38:03,950 +0530 [main] DEBUG (Wire.java:73) -  >> "[\r][\n]"
2022-09-09 19:38:03,950 +0530 [main] DEBUG (DefaultClientConnection.java:278) - >> POST /api/v1/create HTTP/1.1
2022-09-09 19:38:03,950 +0530 [main] DEBUG (DefaultClientConnection.java:281) - >> Accept: */*
2022-09-09 19:38:03,950 +0530 [main] DEBUG (DefaultClientConnection.java:281) - >> Content-Type: application/json
2022-09-09 19:38:03,951 +0530 [main] DEBUG (DefaultClientConnection.java:281) - >> Content-Length: 44
2022-09-09 19:38:03,951 +0530 [main] DEBUG (DefaultClientConnection.java:281) - >> Host: dummy.restapiexample.com
2022-09-09 19:38:03,951 +0530 [main] DEBUG (DefaultClientConnection.java:281) - >> Connection: Keep-Alive
2022-09-09 19:38:03,951 +0530 [main] DEBUG (DefaultClientConnection.java:281) - >> User-Agent: Apache-HttpClient/4.5.13 (Java/17.0.2)
2022-09-09 19:38:03,952 +0530 [main] DEBUG (DefaultClientConnection.java:281) - >> Accept-Encoding: gzip,deflate
2022-09-09 19:38:03,953 +0530 [main] DEBUG (Wire.java:87) -  >> "{"Salary":"91575","Age":"53","Name":"JohnT"}"
2022-09-09 19:38:04,584 +0530 [main] DEBUG (Wire.java:73) -  << "HTTP/1.1 429 Too Many Requests[\r][\n]"
2022-09-09 19:38:04,585 +0530 [main] DEBUG (Wire.java:73) -  << "Content-Encoding: gzip[\r][\n]"
2022-09-09 19:38:04,585 +0530 [main] DEBUG (Wire.java:73) -  << "Content-Type: text/html; charset=UTF-8[\r][\n]"
2022-09-09 19:38:04,586 +0530 [main] DEBUG (Wire.java:73) -  << "Date: Fri, 09 Sep 2022 14:08:04 GMT[\r][\n]"
2022-09-09 19:38:04,586 +0530 [main] DEBUG (Wire.java:73) -  << "Display: staticcontent_sol[\r][\n]"
2022-09-09 19:38:04,587 +0530 [main] DEBUG (Wire.java:73) -  << "Expires: Thu, 08 Sep 2022 14:08:04 GMT[\r][\n]"
2022-09-09 19:38:04,587 +0530 [main] DEBUG (Wire.java:73) -  << "Host-Header: c2hhcmVkLmJsdWVob3N0LmNvbQ==[\r][\n]"
2022-09-09 19:38:04,588 +0530 [main] DEBUG (Wire.java:73) -  << "Pagespeed: off[\r][\n]"
2022-09-09 19:38:04,589 +0530 [main] DEBUG (Wire.java:73) -  << "Response: 429[\r][\n]"
2022-09-09 19:38:04,589 +0530 [main] DEBUG (Wire.java:73) -  << "Retry-After: 48[\r][\n]"
2022-09-09 19:38:04,589 +0530 [main] DEBUG (Wire.java:73) -  << "Server: nginx[\r][\n]"
2022-09-09 19:38:04,590 +0530 [main] DEBUG (Wire.java:73) -  << "Vary: Accept-Encoding,Origin[\r][\n]"
2022-09-09 19:38:04,590 +0530 [main] DEBUG (Wire.java:73) -  << "X-Endurance-Cache-Level: 2[\r][\n]"
2022-09-09 19:38:04,591 +0530 [main] DEBUG (Wire.java:73) -  << "X-Ezoic-Cdn: Miss[\r][\n]"
2022-09-09 19:38:04,592 +0530 [main] DEBUG (Wire.java:73) -  << "X-Middleton-Display: staticcontent_sol[\r][\n]"
2022-09-09 19:38:04,592 +0530 [main] DEBUG (Wire.java:73) -  << "X-Middleton-Response: 429[\r][\n]"
2022-09-09 19:38:04,593 +0530 [main] DEBUG (Wire.java:73) -  << "X-Nginx-Cache: WordPress[\r][\n]"
2022-09-09 19:38:04,593 +0530 [main] DEBUG (Wire.java:73) -  << "X-Origin-Cache-Control: no-cache, private[\r][\n]"
2022-09-09 19:38:04,594 +0530 [main] DEBUG (Wire.java:73) -  << "X-Ratelimit-Limit: 60[\r][\n]"
2022-09-09 19:38:04,595 +0530 [main] DEBUG (Wire.java:73) -  << "X-Ratelimit-Remaining: 56[\r][\n]"
2022-09-09 19:38:04,595 +0530 [main] DEBUG (Wire.java:73) -  << "X-Ratelimit-Reset: 1662732532[\r][\n]"
2022-09-09 19:38:04,596 +0530 [main] DEBUG (Wire.java:73) -  << "X-Sol: pub_site[\r][\n]"
2022-09-09 19:38:04,597 +0530 [main] DEBUG (Wire.java:73) -  << "Transfer-Encoding: chunked[\r][\n]"
2022-09-09 19:38:04,598 +0530 [main] DEBUG (Wire.java:73) -  << "[\r][\n]"
2022-09-09 19:38:04,598 +0530 [main] DEBUG (DefaultClientConnection.java:259) - Receiving response: HTTP/1.1 429 Too Many Requests
2022-09-09 19:38:04,599 +0530 [main] DEBUG (DefaultClientConnection.java:262) - << HTTP/1.1 429 Too Many Requests
2022-09-09 19:38:04,599 +0530 [main] DEBUG (DefaultClientConnection.java:265) - << Content-Encoding: gzip
2022-09-09 19:38:04,600 +0530 [main] DEBUG (DefaultClientConnection.java:265) - << Content-Type: text/html; charset=UTF-8
2022-09-09 19:38:04,600 +0530 [main] DEBUG (DefaultClientConnection.java:265) - << Date: Fri, 09 Sep 2022 14:08:04 GMT
2022-09-09 19:38:04,601 +0530 [main] DEBUG (DefaultClientConnection.java:265) - << Display: staticcontent_sol
2022-09-09 19:38:04,601 +0530 [main] DEBUG (DefaultClientConnection.java:265) - << Expires: Thu, 08 Sep 2022 14:08:04 GMT
2022-09-09 19:38:04,602 +0530 [main] DEBUG (DefaultClientConnection.java:265) - << Host-Header: c2hhcmVkLmJsdWVob3N0LmNvbQ==
2022-09-09 19:38:04,602 +0530 [main] DEBUG (DefaultClientConnection.java:265) - << Pagespeed: off
2022-09-09 19:38:04,603 +0530 [main] DEBUG (DefaultClientConnection.java:265) - << Response: 429
2022-09-09 19:38:04,603 +0530 [main] DEBUG (DefaultClientConnection.java:265) - << Retry-After: 48
2022-09-09 19:38:04,604 +0530 [main] DEBUG (DefaultClientConnection.java:265) - << Server: nginx
2022-09-09 19:38:04,604 +0530 [main] DEBUG (DefaultClientConnection.java:265) - << Vary: Accept-Encoding,Origin
2022-09-09 19:38:04,605 +0530 [main] DEBUG (DefaultClientConnection.java:265) - << X-Endurance-Cache-Level: 2
2022-09-09 19:38:04,605 +0530 [main] DEBUG (DefaultClientConnection.java:265) - << X-Ezoic-Cdn: Miss
2022-09-09 19:38:04,606 +0530 [main] DEBUG (DefaultClientConnection.java:265) - << X-Middleton-Display: staticcontent_sol
2022-09-09 19:38:04,606 +0530 [main] DEBUG (DefaultClientConnection.java:265) - << X-Middleton-Response: 429
2022-09-09 19:38:04,607 +0530 [main] DEBUG (DefaultClientConnection.java:265) - << X-Nginx-Cache: WordPress
2022-09-09 19:38:04,607 +0530 [main] DEBUG (DefaultClientConnection.java:265) - << X-Origin-Cache-Control: no-cache, private
2022-09-09 19:38:04,608 +0530 [main] DEBUG (DefaultClientConnection.java:265) - << X-Ratelimit-Limit: 60
2022-09-09 19:38:04,608 +0530 [main] DEBUG (DefaultClientConnection.java:265) - << X-Ratelimit-Remaining: 56
2022-09-09 19:38:04,609 +0530 [main] DEBUG (DefaultClientConnection.java:265) - << X-Ratelimit-Reset: 1662732532
2022-09-09 19:38:04,609 +0530 [main] DEBUG (DefaultClientConnection.java:265) - << X-Sol: pub_site
2022-09-09 19:38:04,610 +0530 [main] DEBUG (DefaultClientConnection.java:265) - << Transfer-Encoding: chunked
2022-09-09 19:38:04,611 +0530 [main] DEBUG (DefaultRequestDirector.java:504) - Connection can be kept alive indefinitely
2022-09-09 19:38:04,611 +0530 [main] DEBUG (HTTPBuilder.java:553) - Parsing response as: text/html; charset=UTF-8
2022-09-09 19:38:04,612 +0530 [main] DEBUG (Wire.java:73) -  << "244[\r][\n]"
2022-09-09 19:38:04,613 +0530 [main] DEBUG (Wire.java:73) -  << "[0x1f][0x8b][0x8][0x0][0x0][0x0][0x0][0x0][0x0][0xff][0x9c]UOs[0x9b]>[0x10][0xbd][0xfb]Sl[0xf4];[0xe4][0x12][0x5];[0xbf][0xd6][0x93][0x12]p[0xf][0xfd]s[0xeb][0x9f]is[0xe9]Q[0x91][0x16][0xd8]FHTZ;v;[0xfd][0xee][0x1d]L[0x12]c [0x99]Nu[0x81][0x9d][0xf7][0xf6][0xe9]iw[0x5][0xd9][0xc9][0xdb]Oo[0xae][0xbf]}~[0x7][0x15][0xd7]v5[0xcb][0xda][0x7]X[0xe5][0xca]\[0xa0][0x13][0xab][0x19][0x0]@V[0xa1]2[0xdd][0xeb]>[0xac][0x91][0x15][0xe8]J[0x85][0x88][0x9c][0x8b]5[0x17][0xf2]R[0xc]a[0xa7]j[0xcc][0xc5][0x86][0xf0][0xae][0xf1][0x81][0x5]h[0xef][0x18][0x1d][0xe7][0xe2][0x8e][0xc]W[0xb9][0xc1][\r]i[0x94][0xfb][0xe0][0xc][0xc8][0x11][0x93][0xb2]2je1_[0x88][0xd5][0xec][0xa0][0xc6][0xc4][0x16]W[0xd7][0xde][0xc3][0x7][0xe5]v[0xf0][0x5][0xac]1r[0xcc][0x92][0xe][0xe8]1O[0xa4][0x84][0xf7][0xde]q[0x4]){v,[0xb9][[0x8]hsa\[0x94]M[0xc0][0x2]YW[0x2][0xaa][0x80]E.[0x92][0xa4]hS[0xce][0xcb][0xc8][0x8a]I[0x9f]k_[0x8b]ar[0xc7][0xac][0x98][0x9b][0x98]>[0xf2][0xbd]/-[0xaa][0x86]b[0x9b][0x92][0xe8][0x18]_[0x17][0xaa]&[0xbb][0xcb]?[0xae][0x1d][0xb1][0x17][0xdd][0x96][0x91]w[0x16]c[0x85][0xc8]bh[0xf5][0xeb][0x1e]:[0xf6][0xba][0xa7][0x1f][0xe2]v[0xb5][\r]9[0x83][0x1b]ov[0xf0][0xeb][0x8]h[0xd7][0x8d][0xd2][0xb7]e[0xf0]kg[0xa4][0xf6][0xd6][0x87][0x14][0xfe]+[0x8a][0xe2]j[0xc4]{[0x0][0x97][0xff]/o[0x96][0x13]x{&[0xd9][0xf9]O[0xe1][0xb4];[0xc1][0xe9][0x19]D[0xe5][0xa2][0x8c][0x18][0xe8][0xa9][0x94];[0xa4][0xb2][0xe2][0x14][0x16][0xf3][0xf9][0x98]Q[0x1d][0xc0]M5[0x86]k[0x15]Jr)[0xc]2[0xcf][0x8e][0xc2][0xf3]bm[0xad][0xec][0xa4]&[\n]"
2022-09-09 19:38:04,614 +0530 [main] DEBUG (Wire.java:87) -  << "[0xf0][0xcc][0x1e]#![0x8b][[0xa9][0xd1]1[0x86][0x9]!e[0xa9]t[0x92][0x18][0xeb][0x98]B[0xc7][0x1a][6[0x14][0x1b][0xab]v)[0xb4]Zc[0xf8][0xfb]:2[0x15];y?[0xeb][0xd3]:C[[0x8d][0x8f][0xc4][0xe4][0x9d][0xc]XL[0xf8]z[0x80][0xd3]v[0x9e][0x14][0xd3][0x6][0x9f][0x97][0xd3][0xde][0xe0][0xd4][0xa0][0xf8]`0[0xc8][0xd0]U[0xeb][0xa2][0xd9]B[0xf4][0x96][0xcc][0x13]m[0x8d][0xf4][0x13]S[0xb8]X6[0x13][0x87]l[0x94]1[0xe4][0xca][0x14][0xe6][0xb0]x[0xd9]l[0xef][0x1f]c[0x1e][0xe3][0x96][0xe5][0xbe][0xaa]W[0x87][0x1a]cT[0xe5][0x94][0xf7][0x9e][0xa5][0xc5][0xe5][0xbf]m[0xf5][0xf0][0x96]%[0xbd][0x1b][0x96]%[0x87][0xef]Z[0xd6]^[0xb0][0xde]E4[0xb4][0x1]mU[0x8c][0xb9][0xe8][0xcf][0xcd]Q[0xb3]z[0x93])[0x8e][0xef]l?[0xbd]m[0xc8][0x0]n[0xd7][0x8b][0x8b]WG[0x19][0x89][0xa1][0xcd]j[0xf6][0xa4][0xca]}u[0x4][0xec][0xfd][0xe7][0xe2][0xb1][0xb][0x8b]y[0xb3][0xbd][0x9a][0xd0][0x1f]}0'v[0x9b][0x8][0xb3][0xa4]+D[0x96]t[0xff][0x83]?[0x0][0x0][0x0][0xff][0xff]"
2022-09-09 19:38:04,615 +0530 [main] DEBUG (Wire.java:73) -  << "[\r][\n]"
2022-09-09 19:38:04,615 +0530 [main] DEBUG (Wire.java:73) -  << "d[\r][\n]"
2022-09-09 19:38:04,616 +0530 [main] DEBUG (Wire.java:87) -  << "[0x1][0x0][0x0][0xff][0xff]e[0x9e][0xd3][0xfd] [0x6][0x0][0x0]"
2022-09-09 19:38:04,616 +0530 [main] DEBUG (Wire.java:73) -  << "[\r][\n]"
2022-09-09 19:38:04,617 +0530 [main] DEBUG (Wire.java:73) -  << "0[\r][\n]"
2022-09-09 19:38:04,618 +0530 [main] DEBUG (Wire.java:73) -  << "[\r][\n]"
2022-09-09 19:38:04,618 +0530 [main] DEBUG (HTTPBuilder.java:556) - Parsed data to instance of: class org.apache.http.conn.EofSensorInputStream
2022-09-09 19:38:09,712 +0530 [main] DEBUG (BasicClientConnectionManager.java:200) - Releasing connection org.apache.http.impl.conn.ManagedClientConnectionImpl@77774571
2022-09-09 19:38:09,713 +0530 [main] DEBUG (BasicClientConnectionManager.java:225) - Connection can be kept alive indefinitely
2022-09-09 19:38:09,717 +0530 [main] INFO  (TC003_POST_Employee_Record.java:103) - ---------Finished TC003_POST_Employee_Record--------
2022-09-09 19:38:09,723 +0530 [main] INFO  (TC004_PUT_Employee_Record.java:28) - ---------Started TC004_PUT_Employee_Record--------
2022-09-09 19:38:09,785 +0530 [main] DEBUG (BasicClientConnectionManager.java:161) - Get connection for route {}->http://dummy.restapiexample.com:80
2022-09-09 19:38:09,786 +0530 [main] DEBUG (DefaultClientConnectionOperator.java:177) - Connecting to dummy.restapiexample.com:80
2022-09-09 19:38:09,875 +0530 [main] DEBUG (RequestAddCookies.java:123) - CookieSpec selected: ignoreCookies
2022-09-09 19:38:09,875 +0530 [main] DEBUG (RequestAuthCache.java:77) - Auth cache not set in the context
2022-09-09 19:38:09,876 +0530 [main] DEBUG (RequestTargetAuthentication.java:80) - Target auth state: UNCHALLENGED
2022-09-09 19:38:09,876 +0530 [main] DEBUG (RequestProxyAuthentication.java:89) - Proxy auth state: UNCHALLENGED
2022-09-09 19:38:09,876 +0530 [main] DEBUG (DefaultRequestDirector.java:677) - Attempt 1 to execute request
2022-09-09 19:38:09,877 +0530 [main] DEBUG (DefaultClientConnection.java:274) - Sending request: PUT /api/v1/update/1 HTTP/1.1
2022-09-09 19:38:09,877 +0530 [main] DEBUG (Wire.java:73) -  >> "PUT /api/v1/update/1 HTTP/1.1[\r][\n]"
2022-09-09 19:38:09,878 +0530 [main] DEBUG (Wire.java:73) -  >> "Accept: */*[\r][\n]"
2022-09-09 19:38:09,878 +0530 [main] DEBUG (Wire.java:73) -  >> "Content-Type: application/json[\r][\n]"
2022-09-09 19:38:09,879 +0530 [main] DEBUG (Wire.java:73) -  >> "Content-Length: 44[\r][\n]"
2022-09-09 19:38:09,879 +0530 [main] DEBUG (Wire.java:73) -  >> "Host: dummy.restapiexample.com[\r][\n]"
2022-09-09 19:38:09,879 +0530 [main] DEBUG (Wire.java:73) -  >> "Connection: Keep-Alive[\r][\n]"
2022-09-09 19:38:09,880 +0530 [main] DEBUG (Wire.java:73) -  >> "User-Agent: Apache-HttpClient/4.5.13 (Java/17.0.2)[\r][\n]"
2022-09-09 19:38:09,880 +0530 [main] DEBUG (Wire.java:73) -  >> "Accept-Encoding: gzip,deflate[\r][\n]"
2022-09-09 19:38:09,881 +0530 [main] DEBUG (Wire.java:73) -  >> "[\r][\n]"
2022-09-09 19:38:09,882 +0530 [main] DEBUG (DefaultClientConnection.java:278) - >> PUT /api/v1/update/1 HTTP/1.1
2022-09-09 19:38:09,882 +0530 [main] DEBUG (DefaultClientConnection.java:281) - >> Accept: */*
2022-09-09 19:38:09,883 +0530 [main] DEBUG (DefaultClientConnection.java:281) - >> Content-Type: application/json
2022-09-09 19:38:09,883 +0530 [main] DEBUG (DefaultClientConnection.java:281) - >> Content-Length: 44
2022-09-09 19:38:09,884 +0530 [main] DEBUG (DefaultClientConnection.java:281) - >> Host: dummy.restapiexample.com
2022-09-09 19:38:09,884 +0530 [main] DEBUG (DefaultClientConnection.java:281) - >> Connection: Keep-Alive
2022-09-09 19:38:09,884 +0530 [main] DEBUG (DefaultClientConnection.java:281) - >> User-Agent: Apache-HttpClient/4.5.13 (Java/17.0.2)
2022-09-09 19:38:09,885 +0530 [main] DEBUG (DefaultClientConnection.java:281) - >> Accept-Encoding: gzip,deflate
2022-09-09 19:38:09,885 +0530 [main] DEBUG (Wire.java:87) -  >> "{"Salary":"19240","Age":"23","Name":"JohnM"}"
2022-09-09 19:38:10,507 +0530 [main] DEBUG (Wire.java:73) -  << "HTTP/1.1 200 OK[\r][\n]"
2022-09-09 19:38:10,508 +0530 [main] DEBUG (Wire.java:73) -  << "Cache-Control: no-cache, private, max-age=21600[\r][\n]"
2022-09-09 19:38:10,509 +0530 [main] DEBUG (Wire.java:73) -  << "Content-Type: application/json[\r][\n]"
2022-09-09 19:38:10,510 +0530 [main] DEBUG (Wire.java:73) -  << "Date: Fri, 09 Sep 2022 14:08:10 GMT[\r][\n]"
2022-09-09 19:38:10,510 +0530 [main] DEBUG (Wire.java:73) -  << "Display: staticcontent_sol[\r][\n]"
2022-09-09 19:38:10,511 +0530 [main] DEBUG (Wire.java:73) -  << "Expires: Fri, 09 Sep 2022 20:08:10 GMT[\r][\n]"
2022-09-09 19:38:10,511 +0530 [main] DEBUG (Wire.java:73) -  << "Host-Header: c2hhcmVkLmJsdWVob3N0LmNvbQ==[\r][\n]"
2022-09-09 19:38:10,512 +0530 [main] DEBUG (Wire.java:73) -  << "Response: 200[\r][\n]"
2022-09-09 19:38:10,513 +0530 [main] DEBUG (Wire.java:73) -  << "Server: nginx[\r][\n]"
2022-09-09 19:38:10,513 +0530 [main] DEBUG (Wire.java:73) -  << "Vary: Accept-Encoding,Origin[\r][\n]"
2022-09-09 19:38:10,513 +0530 [main] DEBUG (Wire.java:73) -  << "X-Endurance-Cache-Level: 2[\r][\n]"
2022-09-09 19:38:10,514 +0530 [main] DEBUG (Wire.java:73) -  << "X-Ezoic-Cdn: Miss[\r][\n]"
2022-09-09 19:38:10,514 +0530 [main] DEBUG (Wire.java:73) -  << "X-Middleton-Display: staticcontent_sol[\r][\n]"
2022-09-09 19:38:10,515 +0530 [main] DEBUG (Wire.java:73) -  << "X-Middleton-Response: 200[\r][\n]"
2022-09-09 19:38:10,515 +0530 [main] DEBUG (Wire.java:73) -  << "X-Nginx-Cache: WordPress[\r][\n]"
2022-09-09 19:38:10,515 +0530 [main] DEBUG (Wire.java:73) -  << "X-Origin-Cache-Control: no-cache, private[\r][\n]"
2022-09-09 19:38:10,516 +0530 [main] DEBUG (Wire.java:73) -  << "X-Ratelimit-Limit: 60[\r][\n]"
2022-09-09 19:38:10,516 +0530 [main] DEBUG (Wire.java:73) -  << "X-Ratelimit-Remaining: 58[\r][\n]"
2022-09-09 19:38:10,516 +0530 [main] DEBUG (Wire.java:73) -  << "X-Sol: pub_site[\r][\n]"
2022-09-09 19:38:10,517 +0530 [main] DEBUG (Wire.java:73) -  << "Content-Length: 123[\r][\n]"
2022-09-09 19:38:10,517 +0530 [main] DEBUG (Wire.java:73) -  << "[\r][\n]"
2022-09-09 19:38:10,518 +0530 [main] DEBUG (DefaultClientConnection.java:259) - Receiving response: HTTP/1.1 200 OK
2022-09-09 19:38:10,518 +0530 [main] DEBUG (DefaultClientConnection.java:262) - << HTTP/1.1 200 OK
2022-09-09 19:38:10,518 +0530 [main] DEBUG (DefaultClientConnection.java:265) - << Cache-Control: no-cache, private, max-age=21600
2022-09-09 19:38:10,518 +0530 [main] DEBUG (DefaultClientConnection.java:265) - << Content-Type: application/json
2022-09-09 19:38:10,519 +0530 [main] DEBUG (DefaultClientConnection.java:265) - << Date: Fri, 09 Sep 2022 14:08:10 GMT
2022-09-09 19:38:10,519 +0530 [main] DEBUG (DefaultClientConnection.java:265) - << Display: staticcontent_sol
2022-09-09 19:38:10,519 +0530 [main] DEBUG (DefaultClientConnection.java:265) - << Expires: Fri, 09 Sep 2022 20:08:10 GMT
2022-09-09 19:38:10,520 +0530 [main] DEBUG (DefaultClientConnection.java:265) - << Host-Header: c2hhcmVkLmJsdWVob3N0LmNvbQ==
2022-09-09 19:38:10,520 +0530 [main] DEBUG (DefaultClientConnection.java:265) - << Response: 200
2022-09-09 19:38:10,520 +0530 [main] DEBUG (DefaultClientConnection.java:265) - << Server: nginx
2022-09-09 19:38:10,520 +0530 [main] DEBUG (DefaultClientConnection.java:265) - << Vary: Accept-Encoding,Origin
2022-09-09 19:38:10,521 +0530 [main] DEBUG (DefaultClientConnection.java:265) - << X-Endurance-Cache-Level: 2
2022-09-09 19:38:10,521 +0530 [main] DEBUG (DefaultClientConnection.java:265) - << X-Ezoic-Cdn: Miss
2022-09-09 19:38:10,521 +0530 [main] DEBUG (DefaultClientConnection.java:265) - << X-Middleton-Display: staticcontent_sol
2022-09-09 19:38:10,522 +0530 [main] DEBUG (DefaultClientConnection.java:265) - << X-Middleton-Response: 200
2022-09-09 19:38:10,522 +0530 [main] DEBUG (DefaultClientConnection.java:265) - << X-Nginx-Cache: WordPress
2022-09-09 19:38:10,523 +0530 [main] DEBUG (DefaultClientConnection.java:265) - << X-Origin-Cache-Control: no-cache, private
2022-09-09 19:38:10,523 +0530 [main] DEBUG (DefaultClientConnection.java:265) - << X-Ratelimit-Limit: 60
2022-09-09 19:38:10,523 +0530 [main] DEBUG (DefaultClientConnection.java:265) - << X-Ratelimit-Remaining: 58
2022-09-09 19:38:10,524 +0530 [main] DEBUG (DefaultClientConnection.java:265) - << X-Sol: pub_site
2022-09-09 19:38:10,524 +0530 [main] DEBUG (DefaultClientConnection.java:265) - << Content-Length: 123
2022-09-09 19:38:10,525 +0530 [main] DEBUG (DefaultRequestDirector.java:504) - Connection can be kept alive indefinitely
2022-09-09 19:38:10,526 +0530 [main] DEBUG (HTTPBuilder.java:553) - Parsing response as: application/json
2022-09-09 19:38:10,526 +0530 [main] DEBUG (HTTPBuilder.java:556) - Parsed data to instance of: class org.apache.http.conn.EofSensorInputStream
2022-09-09 19:38:15,557 +0530 [main] DEBUG (Wire.java:87) -  << "{"status":"success","data":{"Salary":"19240","Age":"23","Name":"JohnM"},"message":"Successfully! Record has been updated."}"
2022-09-09 19:38:15,558 +0530 [main] DEBUG (BasicClientConnectionManager.java:200) - Releasing connection org.apache.http.impl.conn.ManagedClientConnectionImpl@6e0c6a7a
2022-09-09 19:38:15,559 +0530 [main] DEBUG (BasicClientConnectionManager.java:225) - Connection can be kept alive indefinitely
2022-09-09 19:38:15,562 +0530 [main] INFO  (TC004_PUT_Employee_Record.java:105) - ---------Finished TC004_PUT_Employee_Record--------
2022-09-09 19:38:15,575 +0530 [main] INFO  (TC005_Delete_Employee_Record.java:26) - ---------Started TC005_Delete_Employee_Record--------
2022-09-09 19:38:15,593 +0530 [main] DEBUG (BasicClientConnectionManager.java:161) - Get connection for route {}->http://dummy.restapiexample.com:80
2022-09-09 19:38:15,594 +0530 [main] DEBUG (DefaultClientConnectionOperator.java:177) - Connecting to dummy.restapiexample.com:80
2022-09-09 19:38:15,623 +0530 [main] DEBUG (RequestAddCookies.java:123) - CookieSpec selected: ignoreCookies
2022-09-09 19:38:15,623 +0530 [main] DEBUG (RequestAuthCache.java:77) - Auth cache not set in the context
2022-09-09 19:38:15,624 +0530 [main] DEBUG (RequestTargetAuthentication.java:80) - Target auth state: UNCHALLENGED
2022-09-09 19:38:15,624 +0530 [main] DEBUG (RequestProxyAuthentication.java:89) - Proxy auth state: UNCHALLENGED
2022-09-09 19:38:15,624 +0530 [main] DEBUG (DefaultRequestDirector.java:677) - Attempt 1 to execute request
2022-09-09 19:38:15,625 +0530 [main] DEBUG (DefaultClientConnection.java:274) - Sending request: GET /api/v1/emplyees HTTP/1.1
2022-09-09 19:38:15,625 +0530 [main] DEBUG (Wire.java:73) -  >> "GET /api/v1/emplyees HTTP/1.1[\r][\n]"
2022-09-09 19:38:15,626 +0530 [main] DEBUG (Wire.java:73) -  >> "Accept: */*[\r][\n]"
2022-09-09 19:38:15,626 +0530 [main] DEBUG (Wire.java:73) -  >> "Host: dummy.restapiexample.com[\r][\n]"
2022-09-09 19:38:15,627 +0530 [main] DEBUG (Wire.java:73) -  >> "Connection: Keep-Alive[\r][\n]"
2022-09-09 19:38:15,627 +0530 [main] DEBUG (Wire.java:73) -  >> "User-Agent: Apache-HttpClient/4.5.13 (Java/17.0.2)[\r][\n]"
2022-09-09 19:38:15,627 +0530 [main] DEBUG (Wire.java:73) -  >> "Accept-Encoding: gzip,deflate[\r][\n]"
2022-09-09 19:38:15,628 +0530 [main] DEBUG (Wire.java:73) -  >> "[\r][\n]"
2022-09-09 19:38:15,628 +0530 [main] DEBUG (DefaultClientConnection.java:278) - >> GET /api/v1/emplyees HTTP/1.1
2022-09-09 19:38:15,628 +0530 [main] DEBUG (DefaultClientConnection.java:281) - >> Accept: */*
2022-09-09 19:38:15,629 +0530 [main] DEBUG (DefaultClientConnection.java:281) - >> Host: dummy.restapiexample.com
2022-09-09 19:38:15,629 +0530 [main] DEBUG (DefaultClientConnection.java:281) - >> Connection: Keep-Alive
2022-09-09 19:38:15,629 +0530 [main] DEBUG (DefaultClientConnection.java:281) - >> User-Agent: Apache-HttpClient/4.5.13 (Java/17.0.2)
2022-09-09 19:38:15,630 +0530 [main] DEBUG (DefaultClientConnection.java:281) - >> Accept-Encoding: gzip,deflate
2022-09-09 19:38:16,276 +0530 [main] DEBUG (Wire.java:73) -  << "HTTP/1.1 404 Not Found[\r][\n]"
2022-09-09 19:38:16,278 +0530 [main] DEBUG (Wire.java:73) -  << "Content-Type: application/json[\r][\n]"
2022-09-09 19:38:16,279 +0530 [main] DEBUG (Wire.java:73) -  << "Date: Fri, 09 Sep 2022 14:08:16 GMT[\r][\n]"
2022-09-09 19:38:16,279 +0530 [main] DEBUG (Wire.java:73) -  << "Display: staticcontent_sol[\r][\n]"
2022-09-09 19:38:16,279 +0530 [main] DEBUG (Wire.java:73) -  << "Expires: Thu, 08 Sep 2022 14:08:16 GMT[\r][\n]"
2022-09-09 19:38:16,280 +0530 [main] DEBUG (Wire.java:73) -  << "Host-Header: c2hhcmVkLmJsdWVob3N0LmNvbQ==[\r][\n]"
2022-09-09 19:38:16,281 +0530 [main] DEBUG (Wire.java:73) -  << "Response: 404[\r][\n]"
2022-09-09 19:38:16,281 +0530 [main] DEBUG (Wire.java:73) -  << "Server: nginx[\r][\n]"
2022-09-09 19:38:16,282 +0530 [main] DEBUG (Wire.java:73) -  << "Vary: Accept-Encoding,User-Agent,Origin[\r][\n]"
2022-09-09 19:38:16,283 +0530 [main] DEBUG (Wire.java:73) -  << "X-Endurance-Cache-Level: 2[\r][\n]"
2022-09-09 19:38:16,284 +0530 [main] DEBUG (Wire.java:73) -  << "X-Ezoic-Cdn: Miss[\r][\n]"
2022-09-09 19:38:16,284 +0530 [main] DEBUG (Wire.java:73) -  << "X-Middleton-Display: staticcontent_sol[\r][\n]"
2022-09-09 19:38:16,285 +0530 [main] DEBUG (Wire.java:73) -  << "X-Middleton-Response: 404[\r][\n]"
2022-09-09 19:38:16,286 +0530 [main] DEBUG (Wire.java:73) -  << "X-Nginx-Cache: WordPress[\r][\n]"
2022-09-09 19:38:16,287 +0530 [main] DEBUG (Wire.java:73) -  << "X-Origin-Cache-Control: no-cache, private[\r][\n]"
2022-09-09 19:38:16,287 +0530 [main] DEBUG (Wire.java:73) -  << "X-Ratelimit-Limit: 60[\r][\n]"
2022-09-09 19:38:16,288 +0530 [main] DEBUG (Wire.java:73) -  << "X-Ratelimit-Remaining: 58[\r][\n]"
2022-09-09 19:38:16,289 +0530 [main] DEBUG (Wire.java:73) -  << "X-Sol: pub_site[\r][\n]"
2022-09-09 19:38:16,290 +0530 [main] DEBUG (Wire.java:73) -  << "Content-Length: 77[\r][\n]"
2022-09-09 19:38:16,290 +0530 [main] DEBUG (Wire.java:73) -  << "[\r][\n]"
2022-09-09 19:38:16,291 +0530 [main] DEBUG (DefaultClientConnection.java:259) - Receiving response: HTTP/1.1 404 Not Found
2022-09-09 19:38:16,292 +0530 [main] DEBUG (DefaultClientConnection.java:262) - << HTTP/1.1 404 Not Found
2022-09-09 19:38:16,293 +0530 [main] DEBUG (DefaultClientConnection.java:265) - << Content-Type: application/json
2022-09-09 19:38:16,293 +0530 [main] DEBUG (DefaultClientConnection.java:265) - << Date: Fri, 09 Sep 2022 14:08:16 GMT
2022-09-09 19:38:16,294 +0530 [main] DEBUG (DefaultClientConnection.java:265) - << Display: staticcontent_sol
2022-09-09 19:38:16,294 +0530 [main] DEBUG (DefaultClientConnection.java:265) - << Expires: Thu, 08 Sep 2022 14:08:16 GMT
2022-09-09 19:38:16,295 +0530 [main] DEBUG (DefaultClientConnection.java:265) - << Host-Header: c2hhcmVkLmJsdWVob3N0LmNvbQ==
2022-09-09 19:38:16,296 +0530 [main] DEBUG (DefaultClientConnection.java:265) - << Response: 404
2022-09-09 19:38:16,297 +0530 [main] DEBUG (DefaultClientConnection.java:265) - << Server: nginx
2022-09-09 19:38:16,297 +0530 [main] DEBUG (DefaultClientConnection.java:265) - << Vary: Accept-Encoding,User-Agent,Origin
2022-09-09 19:38:16,298 +0530 [main] DEBUG (DefaultClientConnection.java:265) - << X-Endurance-Cache-Level: 2
2022-09-09 19:38:16,299 +0530 [main] DEBUG (DefaultClientConnection.java:265) - << X-Ezoic-Cdn: Miss
2022-09-09 19:38:16,299 +0530 [main] DEBUG (DefaultClientConnection.java:265) - << X-Middleton-Display: staticcontent_sol
2022-09-09 19:38:16,300 +0530 [main] DEBUG (DefaultClientConnection.java:265) - << X-Middleton-Response: 404
2022-09-09 19:38:16,301 +0530 [main] DEBUG (DefaultClientConnection.java:265) - << X-Nginx-Cache: WordPress
2022-09-09 19:38:16,301 +0530 [main] DEBUG (DefaultClientConnection.java:265) - << X-Origin-Cache-Control: no-cache, private
2022-09-09 19:38:16,302 +0530 [main] DEBUG (DefaultClientConnection.java:265) - << X-Ratelimit-Limit: 60
2022-09-09 19:38:16,302 +0530 [main] DEBUG (DefaultClientConnection.java:265) - << X-Ratelimit-Remaining: 58
2022-09-09 19:38:16,302 +0530 [main] DEBUG (DefaultClientConnection.java:265) - << X-Sol: pub_site
2022-09-09 19:38:16,303 +0530 [main] DEBUG (DefaultClientConnection.java:265) - << Content-Length: 77
2022-09-09 19:38:16,303 +0530 [main] DEBUG (DefaultRequestDirector.java:504) - Connection can be kept alive indefinitely
2022-09-09 19:38:16,303 +0530 [main] DEBUG (HTTPBuilder.java:553) - Parsing response as: application/json
2022-09-09 19:38:16,303 +0530 [main] DEBUG (HTTPBuilder.java:556) - Parsed data to instance of: class org.apache.http.conn.EofSensorInputStream
2022-09-09 19:38:16,325 +0530 [main] DEBUG (Wire.java:87) -  << "{"message":"Error Occured! Page Not found, contact rstapi2example@gmail.com"}"
2022-09-09 19:38:16,326 +0530 [main] DEBUG (BasicClientConnectionManager.java:200) - Releasing connection org.apache.http.impl.conn.ManagedClientConnectionImpl@ec8f4b9
2022-09-09 19:38:16,326 +0530 [main] DEBUG (BasicClientConnectionManager.java:225) - Connection can be kept alive indefinitely
2022-09-09 19:38:17,793 +0530 [main] DEBUG (BasicClientConnectionManager.java:161) - Get connection for route {}->http://dummy.restapiexample.com:80
2022-09-09 19:38:17,794 +0530 [main] DEBUG (DefaultClientConnectionOperator.java:177) - Connecting to dummy.restapiexample.com:80
2022-09-09 19:38:17,825 +0530 [main] DEBUG (RequestAddCookies.java:123) - CookieSpec selected: ignoreCookies
2022-09-09 19:38:17,826 +0530 [main] DEBUG (RequestAuthCache.java:77) - Auth cache not set in the context
2022-09-09 19:38:17,826 +0530 [main] DEBUG (RequestTargetAuthentication.java:80) - Target auth state: UNCHALLENGED
2022-09-09 19:38:17,827 +0530 [main] DEBUG (RequestProxyAuthentication.java:89) - Proxy auth state: UNCHALLENGED
2022-09-09 19:38:17,827 +0530 [main] DEBUG (DefaultRequestDirector.java:677) - Attempt 1 to execute request
2022-09-09 19:38:17,828 +0530 [main] DEBUG (DefaultClientConnection.java:274) - Sending request: DELETE /api/v1/delete/null HTTP/1.1
2022-09-09 19:38:17,828 +0530 [main] DEBUG (Wire.java:73) -  >> "DELETE /api/v1/delete/null HTTP/1.1[\r][\n]"
2022-09-09 19:38:17,829 +0530 [main] DEBUG (Wire.java:73) -  >> "Content-Type: application/json[\r][\n]"
2022-09-09 19:38:17,829 +0530 [main] DEBUG (Wire.java:73) -  >> "Accept: */*[\r][\n]"
2022-09-09 19:38:17,830 +0530 [main] DEBUG (Wire.java:73) -  >> "Host: dummy.restapiexample.com[\r][\n]"
2022-09-09 19:38:17,830 +0530 [main] DEBUG (Wire.java:73) -  >> "Connection: Keep-Alive[\r][\n]"
2022-09-09 19:38:17,831 +0530 [main] DEBUG (Wire.java:73) -  >> "User-Agent: Apache-HttpClient/4.5.13 (Java/17.0.2)[\r][\n]"
2022-09-09 19:38:17,831 +0530 [main] DEBUG (Wire.java:73) -  >> "Accept-Encoding: gzip,deflate[\r][\n]"
2022-09-09 19:38:17,832 +0530 [main] DEBUG (Wire.java:73) -  >> "[\r][\n]"
2022-09-09 19:38:17,832 +0530 [main] DEBUG (DefaultClientConnection.java:278) - >> DELETE /api/v1/delete/null HTTP/1.1
2022-09-09 19:38:17,832 +0530 [main] DEBUG (DefaultClientConnection.java:281) - >> Content-Type: application/json
2022-09-09 19:38:17,833 +0530 [main] DEBUG (DefaultClientConnection.java:281) - >> Accept: */*
2022-09-09 19:38:17,833 +0530 [main] DEBUG (DefaultClientConnection.java:281) - >> Host: dummy.restapiexample.com
2022-09-09 19:38:17,834 +0530 [main] DEBUG (DefaultClientConnection.java:281) - >> Connection: Keep-Alive
2022-09-09 19:38:17,834 +0530 [main] DEBUG (DefaultClientConnection.java:281) - >> User-Agent: Apache-HttpClient/4.5.13 (Java/17.0.2)
2022-09-09 19:38:17,834 +0530 [main] DEBUG (DefaultClientConnection.java:281) - >> Accept-Encoding: gzip,deflate
2022-09-09 19:38:18,471 +0530 [main] DEBUG (Wire.java:73) -  << "HTTP/1.1 200 OK[\r][\n]"
2022-09-09 19:38:18,472 +0530 [main] DEBUG (Wire.java:73) -  << "Cache-Control: no-cache, private, max-age=21600[\r][\n]"
2022-09-09 19:38:18,473 +0530 [main] DEBUG (Wire.java:73) -  << "Content-Type: application/json[\r][\n]"
2022-09-09 19:38:18,473 +0530 [main] DEBUG (Wire.java:73) -  << "Date: Fri, 09 Sep 2022 14:08:18 GMT[\r][\n]"
2022-09-09 19:38:18,474 +0530 [main] DEBUG (Wire.java:73) -  << "Display: staticcontent_sol[\r][\n]"
2022-09-09 19:38:18,475 +0530 [main] DEBUG (Wire.java:73) -  << "Expires: Fri, 09 Sep 2022 20:08:18 GMT[\r][\n]"
2022-09-09 19:38:18,475 +0530 [main] DEBUG (Wire.java:73) -  << "Host-Header: c2hhcmVkLmJsdWVob3N0LmNvbQ==[\r][\n]"
2022-09-09 19:38:18,476 +0530 [main] DEBUG (Wire.java:73) -  << "Response: 200[\r][\n]"
2022-09-09 19:38:18,477 +0530 [main] DEBUG (Wire.java:73) -  << "Server: nginx[\r][\n]"
2022-09-09 19:38:18,478 +0530 [main] DEBUG (Wire.java:73) -  << "Vary: Accept-Encoding,Origin[\r][\n]"
2022-09-09 19:38:18,478 +0530 [main] DEBUG (Wire.java:73) -  << "X-Endurance-Cache-Level: 2[\r][\n]"
2022-09-09 19:38:18,479 +0530 [main] DEBUG (Wire.java:73) -  << "X-Ezoic-Cdn: Miss[\r][\n]"
2022-09-09 19:38:18,480 +0530 [main] DEBUG (Wire.java:73) -  << "X-Middleton-Display: staticcontent_sol[\r][\n]"
2022-09-09 19:38:18,480 +0530 [main] DEBUG (Wire.java:73) -  << "X-Middleton-Response: 200[\r][\n]"
2022-09-09 19:38:18,481 +0530 [main] DEBUG (Wire.java:73) -  << "X-Nginx-Cache: WordPress[\r][\n]"
2022-09-09 19:38:18,481 +0530 [main] DEBUG (Wire.java:73) -  << "X-Origin-Cache-Control: no-cache, private[\r][\n]"
2022-09-09 19:38:18,482 +0530 [main] DEBUG (Wire.java:73) -  << "X-Ratelimit-Limit: 60[\r][\n]"
2022-09-09 19:38:18,482 +0530 [main] DEBUG (Wire.java:73) -  << "X-Ratelimit-Remaining: 58[\r][\n]"
2022-09-09 19:38:18,482 +0530 [main] DEBUG (Wire.java:73) -  << "X-Sol: pub_site[\r][\n]"
2022-09-09 19:38:18,483 +0530 [main] DEBUG (Wire.java:73) -  << "Content-Length: 84[\r][\n]"
2022-09-09 19:38:18,483 +0530 [main] DEBUG (Wire.java:73) -  << "[\r][\n]"
2022-09-09 19:38:18,484 +0530 [main] DEBUG (DefaultClientConnection.java:259) - Receiving response: HTTP/1.1 200 OK
2022-09-09 19:38:18,484 +0530 [main] DEBUG (DefaultClientConnection.java:262) - << HTTP/1.1 200 OK
2022-09-09 19:38:18,485 +0530 [main] DEBUG (DefaultClientConnection.java:265) - << Cache-Control: no-cache, private, max-age=21600
2022-09-09 19:38:18,485 +0530 [main] DEBUG (DefaultClientConnection.java:265) - << Content-Type: application/json
2022-09-09 19:38:18,485 +0530 [main] DEBUG (DefaultClientConnection.java:265) - << Date: Fri, 09 Sep 2022 14:08:18 GMT
2022-09-09 19:38:18,486 +0530 [main] DEBUG (DefaultClientConnection.java:265) - << Display: staticcontent_sol
2022-09-09 19:38:18,486 +0530 [main] DEBUG (DefaultClientConnection.java:265) - << Expires: Fri, 09 Sep 2022 20:08:18 GMT
2022-09-09 19:38:18,486 +0530 [main] DEBUG (DefaultClientConnection.java:265) - << Host-Header: c2hhcmVkLmJsdWVob3N0LmNvbQ==
2022-09-09 19:38:18,487 +0530 [main] DEBUG (DefaultClientConnection.java:265) - << Response: 200
2022-09-09 19:38:18,487 +0530 [main] DEBUG (DefaultClientConnection.java:265) - << Server: nginx
2022-09-09 19:38:18,488 +0530 [main] DEBUG (DefaultClientConnection.java:265) - << Vary: Accept-Encoding,Origin
2022-09-09 19:38:18,488 +0530 [main] DEBUG (DefaultClientConnection.java:265) - << X-Endurance-Cache-Level: 2
2022-09-09 19:38:18,489 +0530 [main] DEBUG (DefaultClientConnection.java:265) - << X-Ezoic-Cdn: Miss
2022-09-09 19:38:18,489 +0530 [main] DEBUG (DefaultClientConnection.java:265) - << X-Middleton-Display: staticcontent_sol
2022-09-09 19:38:18,489 +0530 [main] DEBUG (DefaultClientConnection.java:265) - << X-Middleton-Response: 200
2022-09-09 19:38:18,490 +0530 [main] DEBUG (DefaultClientConnection.java:265) - << X-Nginx-Cache: WordPress
2022-09-09 19:38:18,491 +0530 [main] DEBUG (DefaultClientConnection.java:265) - << X-Origin-Cache-Control: no-cache, private
2022-09-09 19:38:18,491 +0530 [main] DEBUG (DefaultClientConnection.java:265) - << X-Ratelimit-Limit: 60
2022-09-09 19:38:18,492 +0530 [main] DEBUG (DefaultClientConnection.java:265) - << X-Ratelimit-Remaining: 58
2022-09-09 19:38:18,493 +0530 [main] DEBUG (DefaultClientConnection.java:265) - << X-Sol: pub_site
2022-09-09 19:38:18,493 +0530 [main] DEBUG (DefaultClientConnection.java:265) - << Content-Length: 84
2022-09-09 19:38:18,494 +0530 [main] DEBUG (DefaultRequestDirector.java:504) - Connection can be kept alive indefinitely
2022-09-09 19:38:18,495 +0530 [main] DEBUG (HTTPBuilder.java:553) - Parsing response as: application/json
2022-09-09 19:38:18,495 +0530 [main] DEBUG (HTTPBuilder.java:556) - Parsed data to instance of: class org.apache.http.conn.EofSensorInputStream
2022-09-09 19:38:23,539 +0530 [main] DEBUG (Wire.java:87) -  << "{"status":"success","data":"null","message":"Successfully! Record has been deleted"}"
2022-09-09 19:38:23,540 +0530 [main] DEBUG (BasicClientConnectionManager.java:200) - Releasing connection org.apache.http.impl.conn.ManagedClientConnectionImpl@5dc769f9
2022-09-09 19:38:23,540 +0530 [main] DEBUG (BasicClientConnectionManager.java:225) - Connection can be kept alive indefinitely
2022-09-09 19:38:23,543 +0530 [main] INFO  (TC005_Delete_Employee_Record.java:100) - ---------Finished TC005_Delete_Employee_Record--------
